2026-07-04 20:33:26,340 [INFO] PHASE 1: DATA LOADING
2026-07-04 20:33:32,236 [INFO] Loaded: 17,000 rows x 28 columns
2026-07-04 20:33:32,241 [INFO] Default(0)=9,369, Repaid(1)=7,631
2026-07-04 20:33:32,243 [INFO] PHASE 2: PREPROCESSING & FEATURE ENGINEERING
2026-07-04 20:33:32,254 [INFO] Dropped 9 columns
2026-07-04 20:33:32,289 [INFO] Engineered 6 ratio features
2026-07-04 20:33:32,367 [INFO] Final shape: 17,000 rows x 38 columns (37 features)
2026-07-04 20:33:32,370 [INFO] PHASE 3: TRAIN-TEST SPLIT
2026-07-04 20:33:32,635 [INFO] Split: TEMPORAL (train: 2021-2024, test: 2025)
2026-07-04 20:33:32,637 [INFO] Train: 12,952 | Test: 4,048 | SMOTE: 15,954
2026-07-04 20:33:32,639 [INFO] Features: 37
2026-07-04 20:33:43,813 [INFO] PHASE 4: MODEL TRAINING WITH CROSS-VALIDATION
2026-07-04 20:33:47,073 [INFO]   LR  CV AUC: 0.6116 (+/- 0.0097)
2026-07-04 20:33:47,791 [INFO]   DT  CV AUC: 0.6808 (+/- 0.0137)
2026-07-04 20:34:00,229 [INFO]   RF  CV AUC: 0.7547 (+/- 0.0064)
2026-07-04 20:34:02,505 [INFO]   XGB CV AUC: 0.6247 (+/- 0.0042)
2026-07-04 20:34:25,314 [INFO] PHASE 5: EVALUATION ON TEST SET
2026-07-04 20:34:25,334 [INFO]   Logistic Regression: Acc=0.4093 F1=0.3119 AUC=0.4879
2026-07-04 20:34:25,352 [INFO]   Decision Tree: Acc=0.3943 F1=0.2385 AUC=0.5314
2026-07-04 20:34:25,572 [INFO]   Random Forest: Acc=0.4007 F1=0.2531 AUC=0.5399
2026-07-04 20:34:25,615 [INFO]   XGBoost: Acc=0.4879 F1=0.4705 AUC=0.5894
2026-07-04 20:34:25,622 [INFO] BEST MODEL: XGBoost (AUC=0.5894)
2026-07-04 20:34:25,627 [INFO]   McNemar XGBoost vs Logistic Regression: chi2=91.1878, p=0.000000
2026-07-04 20:34:25,630 [INFO]   McNemar XGBoost vs Decision Tree: chi2=119.5682, p=0.000000
2026-07-04 20:34:25,634 [INFO]   McNemar XGBoost vs Random Forest: chi2=148.0335, p=0.000000
2026-07-04 20:35:17,162 [INFO] PHASE 1: DATA LOADING
2026-07-04 20:35:24,091 [INFO] Loaded: 17,000 rows x 28 columns
2026-07-04 20:35:24,097 [INFO] Default(0)=9,369, Repaid(1)=7,631
2026-07-04 20:35:24,099 [INFO] PHASE 2: PREPROCESSING & FEATURE ENGINEERING
2026-07-04 20:35:24,113 [INFO] Dropped 3 columns
2026-07-04 20:35:24,236 [INFO] Engineered 6 ratio features
2026-07-04 20:35:24,329 [INFO] Final shape: 17,000 rows x 44 columns (43 features)
2026-07-04 20:35:24,333 [INFO] PHASE 3: TRAIN-TEST SPLIT
2026-07-04 20:35:24,626 [INFO] Split: TEMPORAL (train: 2021-2024, test: 2025)
2026-07-04 20:35:24,628 [INFO] Train: 12,952 | Test: 4,048 | SMOTE: 15,954
2026-07-04 20:35:24,630 [INFO] Features: 43
2026-07-04 20:35:36,873 [INFO] PHASE 4: MODEL TRAINING WITH CROSS-VALIDATION
2026-07-04 20:35:41,077 [INFO]   LR  CV AUC: 0.7920 (+/- 0.0073)
2026-07-04 20:35:42,154 [INFO]   DT  CV AUC: 0.8906 (+/- 0.0040)
2026-07-04 20:35:58,093 [INFO]   RF  CV AUC: 0.9245 (+/- 0.0042)
2026-07-04 20:36:01,032 [INFO]   XGB CV AUC: 0.9700 (+/- 0.0043)
2026-07-04 20:36:14,777 [INFO] PHASE 5: EVALUATION ON TEST SET
2026-07-04 20:36:14,801 [INFO]   Logistic Regression: Acc=0.7446 F1=0.8050 AUC=0.8457
2026-07-04 20:36:14,820 [INFO]   Decision Tree: Acc=0.6779 F1=0.7168 AUC=0.7662
2026-07-04 20:36:15,054 [INFO]   Random Forest: Acc=0.6964 F1=0.7321 AUC=0.8138
2026-07-04 20:36:15,096 [INFO]   XGBoost: Acc=0.7851 F1=0.8121 AUC=0.8787
2026-07-04 20:36:15,100 [INFO] BEST MODEL: XGBoost (AUC=0.8787)
2026-07-04 20:36:15,103 [INFO]   McNemar XGBoost vs Logistic Regression: chi2=26.8917, p=0.000000
2026-07-04 20:36:15,108 [INFO]   McNemar XGBoost vs Decision Tree: chi2=252.6806, p=0.000000
2026-07-04 20:36:15,113 [INFO]   McNemar XGBoost vs Random Forest: chi2=194.4825, p=0.000000
2026-07-04 20:36:29,856 [INFO] PHASE 6: GENERATING VISUALIZATIONS
2026-07-04 20:36:40,450 [INFO] All plots saved
2026-07-04 20:36:40,453 [INFO] PHASE 7: SAVING ARTIFACTS
2026-07-04 20:36:45,529 [INFO] All artifacts saved
2026-07-05 11:46:41,187 [INFO] PHASE 1: DATA LOADING
2026-07-05 11:46:46,166 [INFO] Loaded: 17,000 rows x 28 columns
2026-07-05 11:46:46,170 [INFO] Default(0)=9,369, Repaid(1)=7,631
2026-07-05 11:46:46,170 [INFO] PHASE 2: PREPROCESSING & FEATURE ENGINEERING
2026-07-05 11:46:46,171 [INFO] Dropped 3 columns
2026-07-05 11:46:46,291 [INFO] Engineered 6 ratio features
2026-07-05 11:46:46,384 [INFO] Final shape: 17,000 rows x 44 columns (43 features)
2026-07-05 11:48:01,665 [INFO] PHASE 1: DATA LOADING
2026-07-05 11:48:06,427 [INFO] Loaded: 17,000 rows x 28 columns
2026-07-05 11:48:06,431 [INFO] Default(0)=9,369, Repaid(1)=7,631
2026-07-05 11:48:06,432 [INFO] PHASE 2: PREPROCESSING & FEATURE ENGINEERING
2026-07-05 11:48:06,433 [INFO] Dropped 3 columns
2026-07-05 11:48:06,474 [INFO] Engineered 6 ratio features
2026-07-05 11:48:06,526 [INFO] Final shape: 17,000 rows x 44 columns (43 features)
